# JRE version: OpenJDK Runtime Environment (8.0_152-b01) (build 1.8.0_152-release-1248-b01)
# Java VM: OpenJDK 64-Bit Server VM (25.152-b01 mixed mode linux-amd64 compressed oops)
Heap:
 PSYoungGen      total 561152K, used 220130K [0x0000000761000000, 0x0000000790b00000, 0x00000007c0000000)
  eden space 340992K, 0% used [0x0000000761000000,0x0000000761000000,0x0000000775d00000)
  from space 220160K, 99% used [0x0000000775d00000,0x00000007833f8970,0x0000000783400000)
  to   space 198144K, 0% used [0x0000000784980000,0x0000000784980000,0x0000000790b00000)
 ParOldGen       total 559104K, used 446336K [0x00000006a3000000, 0x00000006c5200000, 0x0000000761000000)
  object space 559104K, 79% used [0x00000006a3000000,0x00000006be3e01d0,0x00000006c5200000)
 Metaspace       used 75357K, capacity 77418K, committed 77464K, reserved 1118208K
  class space    used 8787K, capacity 9354K, committed 9376K, reserved 1048576K
Heap after GC invocations=20 (full 5):
 PSYoungGen      total 376832K, used 143328K [0x0000000761000000, 0x000000078f300000, 0x00000007c0000000)
  eden space 233472K, 0% used [0x0000000761000000,0x0000000761000000,0x000000076f400000)
  from space 143360K, 99% used [0x000000076f400000,0x0000000777ff8280,0x0000000778000000)
  to   space 216576K, 0% used [0x0000000781f80000,0x0000000781f80000,0x000000078f300000)
 ParOldGen       total 333824K, used 311336K [0x00000006a3000000, 0x00000006b7600000, 0x0000000761000000)
  object space 333824K, 93% used [0x00000006a3000000,0x00000006b600a150,0x00000006b7600000)
 Metaspace       used 69846K, capacity 71188K, committed 71704K, reserved 1112064K
  class space    used 8296K, capacity 8629K, committed 8736K, reserved 1048576K
Heap after GC invocations=21 (full 6):
 PSYoungGen      total 376832K, used 46222K [0x0000000761000000, 0x000000078f300000, 0x00000007c0000000)
  eden space 233472K, 0% used [0x0000000761000000,0x0000000761000000,0x000000076f400000)
  from space 143360K, 32% used [0x000000076f400000,0x0000000772123908,0x0000000778000000)
  to   space 216576K, 0% used [0x0000000781f80000,0x0000000781f80000,0x000000078f300000)
 ParOldGen       total 559104K, used 333400K [0x00000006a3000000, 0x00000006c5200000, 0x0000000761000000)
  object space 559104K, 59% used [0x00000006a3000000,0x00000006b75962c0,0x00000006c5200000)
 Metaspace       used 69846K, capacity 71188K, committed 71704K, reserved 1112064K
  class space    used 8296K, capacity 8629K, committed 8736K, reserved 1048576K
Heap after GC invocations=22 (full 6):
 PSYoungGen      total 480768K, used 97823K [0x0000000761000000, 0x000000078d180000, 0x00000007c0000000)
  eden space 298496K, 0% used [0x0000000761000000,0x0000000761000000,0x0000000773380000)
  from space 182272K, 53% used [0x0000000781f80000,0x0000000787f07f18,0x000000078d180000)
  to   space 211968K, 0% used [0x0000000773380000,0x0000000773380000,0x0000000780280000)
 ParOldGen       total 559104K, used 371879K [0x00000006a3000000, 0x00000006c5200000, 0x0000000761000000)
  object space 559104K, 66% used [0x00000006a3000000,0x00000006b9b29c90,0x00000006c5200000)
 Metaspace       used 69972K, capacity 71354K, committed 71704K, reserved 1112064K
  class space    used 8305K, capacity 8662K, committed 8736K, reserved 1048576K
Heap after GC invocations=23 (full 6):
 PSYoungGen      total 510464K, used 118954K [0x0000000761000000, 0x0000000791b00000, 0x00000007c0000000)
  eden space 298496K, 0% used [0x0000000761000000,0x0000000761000000,0x0000000773380000)
  from space 211968K, 56% used [0x0000000773380000,0x000000077a7aa8d0,0x0000000780280000)
  to   space 214528K, 0% used [0x0000000784980000,0x0000000784980000,0x0000000791b00000)
 ParOldGen       total 559104K, used 371887K [0x00000006a3000000, 0x00000006c5200000, 0x0000000761000000)
  object space 559104K, 66% used [0x00000006a3000000,0x00000006b9b2bc90,0x00000006c5200000)
 Metaspace       used 71893K, capacity 73726K, committed 74008K, reserved 1114112K
  class space    used 8479K, capacity 8960K, committed 8992K, reserved 1048576K
Heap after GC invocations=24 (full 6):
 PSYoungGen      total 539136K, used 130828K [0x0000000761000000, 0x0000000790b00000, 0x00000007c0000000)
  eden space 340992K, 0% used [0x0000000761000000,0x0000000761000000,0x0000000775d00000)
  from space 198144K, 66% used [0x0000000784980000,0x000000078c943240,0x0000000790b00000)
  to   space 220160K, 0% used [0x0000000775d00000,0x0000000775d00000,0x0000000783400000)
 ParOldGen       total 559104K, used 371895K [0x00000006a3000000, 0x00000006c5200000, 0x0000000761000000)
  object space 559104K, 66% used [0x00000006a3000000,0x00000006b9b2dc90,0x00000006c5200000)
 Metaspace       used 74158K, capacity 76224K, committed 76312K, reserved 1116160K
  class space    used 8647K, capacity 9189K, committed 9248K, reserved 1048576K
