# JRE version: OpenJDK Runtime Environment (8.0_152-b01) (build 1.8.0_152-release-1248-b01)
# Java VM: OpenJDK 64-Bit Server VM (25.152-b01 mixed mode linux-amd64 compressed oops)
Heap:
 PSYoungGen      total 619008K, used 47524K [0x0000000761000000, 0x0000000795a80000, 0x00000007c0000000)
  eden space 459264K, 0% used [0x0000000761000000,0x0000000761000000,0x000000077d080000)
  from space 159744K, 29% used [0x000000077d080000,0x000000077fee91d8,0x0000000786c80000)
  to   space 174080K, 0% used [0x000000078b080000,0x000000078b080000,0x0000000795a80000)
 ParOldGen       total 500736K, used 500527K [0x00000006a3000000, 0x00000006c1900000, 0x0000000761000000)
  object space 500736K, 99% used [0x00000006a3000000,0x00000006c18cbc40,0x00000006c1900000)
 Metaspace       used 78947K, capacity 84698K, committed 85016K, reserved 1122304K
  class space    used 10639K, capacity 12213K, committed 12336K, reserved 1048576K
Heap after GC invocations=21 (full 5):
 PSYoungGen      total 480768K, used 78197K [0x0000000761000000, 0x000000078a000000, 0x00000007c0000000)
  eden space 382464K, 0% used [0x0000000761000000,0x0000000761000000,0x0000000778580000)
  from space 98304K, 79% used [0x0000000778580000,0x000000077d1dd518,0x000000077e580000)
  to   space 107008K, 0% used [0x0000000783780000,0x0000000783780000,0x000000078a000000)
 ParOldGen       total 500736K, used 373156K [0x00000006a3000000, 0x00000006c1900000, 0x0000000761000000)
  object space 500736K, 74% used [0x00000006a3000000,0x00000006b9c69040,0x00000006c1900000)
 Metaspace       used 71613K, capacity 76313K, committed 76440K, reserved 1114112K
  class space    used 9669K, capacity 11073K, committed 11184K, reserved 1048576K
Heap after GC invocations=22 (full 5):
 PSYoungGen      total 532992K, used 93214K [0x0000000761000000, 0x0000000789c80000, 0x00000007c0000000)
  eden space 429568K, 0% used [0x0000000761000000,0x0000000761000000,0x000000077b380000)
  from space 103424K, 90% used [0x0000000783780000,0x0000000789287838,0x0000000789c80000)
  to   space 119296K, 0% used [0x000000077b380000,0x000000077b380000,0x0000000782800000)
 ParOldGen       total 500736K, used 373156K [0x00000006a3000000, 0x00000006c1900000, 0x0000000761000000)
  object space 500736K, 74% used [0x00000006a3000000,0x00000006b9c69040,0x00000006c1900000)
 Metaspace       used 73971K, capacity 78885K, committed 79128K, reserved 1116160K
  class space    used 9972K, capacity 11449K, committed 11568K, reserved 1048576K
Heap after GC invocations=23 (full 5):
 PSYoungGen      total 548864K, used 103770K [0x0000000761000000, 0x000000078ee80000, 0x00000007c0000000)
  eden space 429568K, 0% used [0x0000000761000000,0x0000000761000000,0x000000077b380000)
  from space 119296K, 86% used [0x000000077b380000,0x00000007818d68d0,0x0000000782800000)
  to   space 133120K, 0% used [0x0000000786c80000,0x0000000786c80000,0x000000078ee80000)
 ParOldGen       total 500736K, used 373164K [0x00000006a3000000, 0x00000006c1900000, 0x0000000761000000)
  object space 500736K, 74% used [0x00000006a3000000,0x00000006b9c6b040,0x00000006c1900000)
 Metaspace       used 75248K, capacity 80559K, committed 80920K, reserved 1118208K
  class space    used 10176K, capacity 11708K, committed 11824K, reserved 1048576K
Heap after GC invocations=24 (full 5):
 PSYoungGen      total 592384K, used 133094K [0x0000000761000000, 0x0000000792400000, 0x00000007c0000000)
  eden space 459264K, 0% used [0x0000000761000000,0x0000000761000000,0x000000077d080000)
  from space 133120K, 99% used [0x0000000786c80000,0x000000078ee79ac8,0x000000078ee80000)
  to   space 159744K, 0% used [0x000000077d080000,0x000000077d080000,0x0000000786c80000)
 ParOldGen       total 500736K, used 387581K [0x00000006a3000000, 0x00000006c1900000, 0x0000000761000000)
  object space 500736K, 77% used [0x00000006a3000000,0x00000006baa7f438,0x00000006c1900000)
 Metaspace       used 77534K, capacity 83099K, committed 83224K, reserved 1120256K
  class space    used 10494K, capacity 12053K, committed 12080K, reserved 1048576K
Heap after GC invocations=25 (full 5):
 PSYoungGen      total 619008K, used 127748K [0x0000000761000000, 0x0000000795a80000, 0x00000007c0000000)
  eden space 459264K, 0% used [0x0000000761000000,0x0000000761000000,0x000000077d080000)
  from space 159744K, 79% used [0x000000077d080000,0x0000000784d412f8,0x0000000786c80000)
  to   space 174080K, 0% used [0x000000078b080000,0x000000078b080000,0x0000000795a80000)
 ParOldGen       total 500736K, used 443305K [0x00000006a3000000, 0x00000006c1900000, 0x0000000761000000)
  object space 500736K, 88% used [0x00000006a3000000,0x00000006be0ea5d8,0x00000006c1900000)
 Metaspace       used 78954K, capacity 84722K, committed 85016K, reserved 1122304K
  class space    used 10641K, capacity 12217K, committed 12336K, reserved 1048576K
