# JRE version: OpenJDK Runtime Environment (8.0_152-b01) (build 1.8.0_152-release-1248-b01)
# Java VM: OpenJDK 64-Bit Server VM (25.152-b01 mixed mode linux-amd64 compressed oops)
Heap:
 PSYoungGen      total 563200K, used 0K [0x00000000d5580000, 0x0000000100000000, 0x0000000100000000)
  eden space 431616K, 0% used [0x00000000d5580000,0x00000000d5580000,0x00000000efb00000)
  from space 131584K, 0% used [0x00000000efb00000,0x00000000efb00000,0x00000000f7b80000)
  to   space 135680K, 0% used [0x00000000f7b80000,0x00000000f7b80000,0x0000000100000000)
 ParOldGen       total 516096K, used 461061K [0x0000000080000000, 0x000000009f800000, 0x00000000d5580000)
  object space 516096K, 89% used [0x0000000080000000,0x000000009c241750,0x000000009f800000)
 Metaspace       used 119338K, capacity 126516K, committed 126632K, reserved 1161216K
  class space    used 13362K, capacity 15757K, committed 15792K, reserved 1048576K
Heap after GC invocations=46 (full 8):
 PSYoungGen      total 562176K, used 64247K [0x00000000d5580000, 0x00000000ff580000, 0x0000000100000000)
  eden space 432128K, 0% used [0x00000000d5580000,0x00000000d5580000,0x00000000efb80000)
  from space 130048K, 49% used [0x00000000f7680000,0x00000000fb53de78,0x00000000ff580000)
  to   space 125952K, 0% used [0x00000000efb80000,0x00000000efb80000,0x00000000f7680000)
 ParOldGen       total 428544K, used 286736K [0x0000000080000000, 0x000000009a280000, 0x00000000d5580000)
  object space 428544K, 66% used [0x0000000080000000,0x00000000918043c0,0x000000009a280000)
 Metaspace       used 114270K, capacity 121264K, committed 121384K, reserved 1155072K
  class space    used 12776K, capacity 15081K, committed 15152K, reserved 1048576K
Heap after GC invocations=47 (full 8):
 PSYoungGen      total 558080K, used 101872K [0x00000000d5580000, 0x0000000100000000, 0x0000000100000000)
  eden space 432128K, 0% used [0x00000000d5580000,0x00000000d5580000,0x00000000efb80000)
  from space 125952K, 80% used [0x00000000efb80000,0x00000000f5efc2a0,0x00000000f7680000)
  to   space 135680K, 0% used [0x00000000f7b80000,0x00000000f7b80000,0x0000000100000000)
 ParOldGen       total 428544K, used 286744K [0x0000000080000000, 0x000000009a280000, 0x00000000d5580000)
  object space 428544K, 66% used [0x0000000080000000,0x00000000918063c0,0x000000009a280000)
 Metaspace       used 114598K, capacity 121616K, committed 121768K, reserved 1155072K
  class space    used 12818K, capacity 15177K, committed 15280K, reserved 1048576K
Heap after GC invocations=48 (full 8):
 PSYoungGen      total 567296K, used 41953K [0x00000000d5580000, 0x0000000100000000, 0x0000000100000000)
  eden space 431616K, 0% used [0x00000000d5580000,0x00000000d5580000,0x00000000efb00000)
  from space 135680K, 30% used [0x00000000f7b80000,0x00000000fa478738,0x0000000100000000)
  to   space 131584K, 0% used [0x00000000efb00000,0x00000000efb00000,0x00000000f7b80000)
 ParOldGen       total 428544K, used 286752K [0x0000000080000000, 0x000000009a280000, 0x00000000d5580000)
  object space 428544K, 66% used [0x0000000080000000,0x00000000918083c0,0x000000009a280000)
 Metaspace       used 115181K, capacity 122248K, committed 122536K, reserved 1157120K
  class space    used 12878K, capacity 15217K, committed 15280K, reserved 1048576K
Heap after GC invocations=49 (full 8):
 PSYoungGen      total 563200K, used 131560K [0x00000000d5580000, 0x0000000100000000, 0x0000000100000000)
  eden space 431616K, 0% used [0x00000000d5580000,0x00000000d5580000,0x00000000efb00000)
  from space 131584K, 99% used [0x00000000efb00000,0x00000000f7b7a0e8,0x00000000f7b80000)
  to   space 135680K, 0% used [0x00000000f7b80000,0x00000000f7b80000,0x0000000100000000)
 ParOldGen       total 428544K, used 336962K [0x0000000080000000, 0x000000009a280000, 0x00000000d5580000)
  object space 428544K, 78% used [0x0000000080000000,0x00000000949109c8,0x000000009a280000)
 Metaspace       used 116055K, capacity 123180K, committed 123432K, reserved 1157120K
  class space    used 12968K, capacity 15357K, committed 15408K, reserved 1048576K
Heap after GC invocations=50 (full 8):
 PSYoungGen      total 563200K, used 563176K [0x00000000d5580000, 0x0000000100000000, 0x0000000100000000)
  eden space 431616K, 100% used [0x00000000d5580000,0x00000000efb00000,0x00000000efb00000)
  from space 131584K, 99% used [0x00000000efb00000,0x00000000f7b7a0e8,0x00000000f7b80000)
  to   space 135680K, 99% used [0x00000000f7b80000,0x00000000ffff80d0,0x0000000100000000)
 ParOldGen       total 516096K, used 515894K [0x0000000080000000, 0x000000009f800000, 0x00000000d5580000)
  object space 516096K, 99% used [0x0000000080000000,0x000000009f7cdbd8,0x000000009f800000)
 Metaspace       used 119338K, capacity 126516K, committed 126632K, reserved 1161216K
  class space    used 13362K, capacity 15757K, committed 15792K, reserved 1048576K
