# JRE version: OpenJDK Runtime Environment (8.0_152-b01) (build 1.8.0_152-release-1248-b01)
# Java VM: OpenJDK 64-Bit Server VM (25.152-b01 mixed mode linux-amd64 compressed oops)
Heap:
 PSYoungGen      total 744960K, used 131564K [0x0000000761000000, 0x0000000799e80000, 0x00000007c0000000)
  eden space 613376K, 0% used [0x0000000761000000,0x0000000761000000,0x0000000786700000)
  from space 131584K, 99% used [0x0000000786700000,0x000000078e77b3d0,0x000000078e780000)
  to   space 82432K, 0% used [0x000000078e780000,0x000000078e780000,0x0000000793800000)
 ParOldGen       total 387072K, used 340678K [0x00000006a3000000, 0x00000006baa00000, 0x0000000761000000)
  object space 387072K, 88% used [0x00000006a3000000,0x00000006b7cb1b30,0x00000006baa00000)
 Metaspace       used 100240K, capacity 105718K, committed 106024K, reserved 1142784K
  class space    used 11543K, capacity 13454K, committed 13616K, reserved 1048576K
Heap after GC invocations=24 (full 5):
 PSYoungGen      total 531456K, used 0K [0x0000000761000000, 0x000000078b000000, 0x00000007c0000000)
  eden space 481280K, 0% used [0x0000000761000000,0x0000000761000000,0x000000077e600000)
  from space 50176K, 0% used [0x000000077e600000,0x000000077e600000,0x0000000781700000)
  to   space 64000K, 0% used [0x0000000787180000,0x0000000787180000,0x000000078b000000)
 ParOldGen       total 204288K, used 74408K [0x00000006a3000000, 0x00000006af780000, 0x0000000761000000)
  object space 204288K, 36% used [0x00000006a3000000,0x00000006a78aa280,0x00000006af780000)
 Metaspace       used 86380K, capacity 91460K, committed 94760K, reserved 1132544K
  class space    used 9986K, capacity 11819K, committed 12592K, reserved 1048576K
Heap after GC invocations=25 (full 5):
 PSYoungGen      total 613888K, used 63987K [0x0000000761000000, 0x000000078dc80000, 0x00000007c0000000)
  eden space 549888K, 0% used [0x0000000761000000,0x0000000761000000,0x0000000782900000)
  from space 64000K, 99% used [0x0000000787180000,0x000000078affcd98,0x000000078b000000)
  to   space 74240K, 0% used [0x0000000782900000,0x0000000782900000,0x0000000787180000)
 ParOldGen       total 204288K, used 75247K [0x00000006a3000000, 0x00000006af780000, 0x0000000761000000)
  object space 204288K, 36% used [0x00000006a3000000,0x00000006a797bea8,0x00000006af780000)
 Metaspace       used 93647K, capacity 98712K, committed 99112K, reserved 1136640K
  class space    used 10829K, capacity 12655K, committed 12848K, reserved 1048576K
Heap after GC invocations=26 (full 5):
 PSYoungGen      total 624128K, used 63555K [0x0000000761000000, 0x0000000793800000, 0x00000007c0000000)
  eden space 549888K, 0% used [0x0000000761000000,0x0000000761000000,0x0000000782900000)
  from space 74240K, 85% used [0x0000000782900000,0x0000000786710d20,0x0000000787180000)
  to   space 82432K, 0% used [0x000000078e780000,0x000000078e780000,0x0000000793800000)
 ParOldGen       total 204288K, used 90880K [0x00000006a3000000, 0x00000006af780000, 0x0000000761000000)
  object space 204288K, 44% used [0x00000006a3000000,0x00000006a88c0038,0x00000006af780000)
 Metaspace       used 94825K, capacity 100100K, committed 100520K, reserved 1136640K
  class space    used 10939K, capacity 12769K, committed 12976K, reserved 1048576K
Heap after GC invocations=27 (full 5):
 PSYoungGen      total 695808K, used 82420K [0x0000000761000000, 0x0000000799e80000, 0x00000007c0000000)
  eden space 613376K, 0% used [0x0000000761000000,0x0000000761000000,0x0000000786700000)
  from space 82432K, 99% used [0x000000078e780000,0x00000007937fd020,0x0000000793800000)
  to   space 131584K, 0% used [0x0000000786700000,0x0000000786700000,0x000000078e780000)
 ParOldGen       total 204288K, used 188372K [0x00000006a3000000, 0x00000006af780000, 0x0000000761000000)
  object space 204288K, 92% used [0x00000006a3000000,0x00000006ae7f5028,0x00000006af780000)
 Metaspace       used 96937K, capacity 102326K, committed 102568K, reserved 1138688K
  class space    used 11148K, capacity 13054K, committed 13232K, reserved 1048576K
Heap after GC invocations=28 (full 6):
 PSYoungGen      total 695808K, used 35193K [0x0000000761000000, 0x0000000799e80000, 0x00000007c0000000)
  eden space 613376K, 0% used [0x0000000761000000,0x0000000761000000,0x0000000786700000)
  from space 82432K, 42% used [0x000000078e780000,0x00000007909de7b8,0x0000000793800000)
  to   space 131584K, 0% used [0x0000000786700000,0x0000000786700000,0x000000078e780000)
 ParOldGen       total 387072K, used 203967K [0x00000006a3000000, 0x00000006baa00000, 0x0000000761000000)
  object space 387072K, 52% used [0x00000006a3000000,0x00000006af72fca0,0x00000006baa00000)
 Metaspace       used 96937K, capacity 102326K, committed 102568K, reserved 1138688K
  class space    used 11148K, capacity 13054K, committed 13232K, reserved 1048576K
