# JRE version: OpenJDK Runtime Environment (8.0_152-b01) (build 1.8.0_152-release-1248-b01)
# Java VM: OpenJDK 64-Bit Server VM (25.152-b01 mixed mode linux-amd64 compressed oops)
Heap:
 PSYoungGen      total 435712K, used 35670K [0x00000000d5580000, 0x0000000100000000, 0x0000000100000000)
  eden space 332288K, 0% used [0x00000000d5580000,0x00000000d5580000,0x00000000e9a00000)
  from space 103424K, 34% used [0x00000000f9b00000,0x00000000fbdd5a88,0x0000000100000000)
  to   space 183296K, 0% used [0x00000000e9a00000,0x00000000e9a00000,0x00000000f4d00000)
 ParOldGen       total 384512K, used 384319K [0x0000000080000000, 0x0000000097780000, 0x00000000d5580000)
  object space 384512K, 99% used [0x0000000080000000,0x000000009774fc88,0x0000000097780000)
 Metaspace       used 106053K, capacity 112170K, committed 113136K, reserved 1146880K
  class space    used 12261K, capacity 14528K, committed 15024K, reserved 1048576K
Heap after GC invocations=30 (full 5):
 PSYoungGen      total 609280K, used 89589K [0x00000000d5580000, 0x0000000100000000, 0x0000000100000000)
  eden space 519680K, 0% used [0x00000000d5580000,0x00000000d5580000,0x00000000f5100000)
  from space 89600K, 99% used [0x00000000f5100000,0x00000000fa87d500,0x00000000fa880000)
  to   space 89600K, 0% used [0x00000000fa880000,0x00000000fa880000,0x0000000100000000)
 ParOldGen       total 244224K, used 202648K [0x0000000080000000, 0x000000008ee80000, 0x00000000d5580000)
  object space 244224K, 82% used [0x0000000080000000,0x000000008c5e63e0,0x000000008ee80000)
 Metaspace       used 104894K, capacity 112734K, committed 113064K, reserved 1146880K
  class space    used 12132K, capacity 14924K, committed 15024K, reserved 1048576K
Heap after GC invocations=31 (full 5):
 PSYoungGen      total 583680K, used 43304K [0x00000000d5580000, 0x0000000100000000, 0x0000000100000000)
  eden space 494080K, 0% used [0x00000000d5580000,0x00000000d5580000,0x00000000f3800000)
  from space 89600K, 48% used [0x00000000fa880000,0x00000000fd2ca018,0x0000000100000000)
  to   space 102400K, 0% used [0x00000000f3800000,0x00000000f3800000,0x00000000f9c00000)
 ParOldGen       total 249856K, used 249540K [0x0000000080000000, 0x000000008f400000, 0x00000000d5580000)
  object space 249856K, 99% used [0x0000000080000000,0x000000008f3b13f0,0x000000008f400000)
 Metaspace       used 105225K, capacity 113040K, committed 113136K, reserved 1146880K
  class space    used 12169K, capacity 14959K, committed 15024K, reserved 1048576K
Heap after GC invocations=32 (full 6):
 PSYoungGen      total 583680K, used 0K [0x00000000d5580000, 0x0000000100000000, 0x0000000100000000)
  eden space 494080K, 0% used [0x00000000d5580000,0x00000000d5580000,0x00000000f3800000)
  from space 89600K, 0% used [0x00000000fa880000,0x00000000fa880000,0x0000000100000000)
  to   space 102400K, 0% used [0x00000000f3800000,0x00000000f3800000,0x00000000f9c00000)
 ParOldGen       total 380928K, used 211101K [0x0000000080000000, 0x0000000097400000, 0x00000000d5580000)
  object space 380928K, 55% used [0x0000000080000000,0x000000008ce27708,0x0000000097400000)
 Metaspace       used 103274K, capacity 109230K, committed 113136K, reserved 1146880K
  class space    used 11961K, capacity 14146K, committed 15024K, reserved 1048576K
Heap after GC invocations=33 (full 6):
 PSYoungGen      total 556032K, used 61769K [0x00000000d5580000, 0x0000000100000000, 0x0000000100000000)
  eden space 494080K, 0% used [0x00000000d5580000,0x00000000d5580000,0x00000000f3800000)
  from space 61952K, 99% used [0x00000000f3800000,0x00000000f7452798,0x00000000f7480000)
  to   space 103424K, 0% used [0x00000000f9b00000,0x00000000f9b00000,0x0000000100000000)
 ParOldGen       total 380928K, used 211109K [0x0000000080000000, 0x0000000097400000, 0x00000000d5580000)
  object space 380928K, 55% used [0x0000000080000000,0x000000008ce29708,0x0000000097400000)
 Metaspace       used 104644K, capacity 110736K, committed 113136K, reserved 1146880K
  class space    used 12092K, capacity 14327K, committed 15024K, reserved 1048576K
Heap after GC invocations=34 (full 6):
 PSYoungGen      total 435712K, used 103396K [0x00000000d5580000, 0x0000000100000000, 0x0000000100000000)
  eden space 332288K, 0% used [0x00000000d5580000,0x00000000d5580000,0x00000000e9a00000)
  from space 103424K, 99% used [0x00000000f9b00000,0x00000000ffff90d8,0x0000000100000000)
  to   space 183296K, 0% used [0x00000000e9a00000,0x00000000e9a00000,0x00000000f4d00000)
 ParOldGen       total 384512K, used 384434K [0x0000000080000000, 0x0000000097780000, 0x00000000d5580000)
  object space 384512K, 99% used [0x0000000080000000,0x000000009776cb20,0x0000000097780000)
 Metaspace       used 106053K, capacity 112170K, committed 113136K, reserved 1146880K
  class space    used 12261K, capacity 14528K, committed 15024K, reserved 1048576K
