# JRE version: OpenJDK Runtime Environment (8.0_152-b01) (build 1.8.0_152-release-1248-b01)
# Java VM: OpenJDK 64-Bit Server VM (25.152-b01 mixed mode linux-amd64 compressed oops)
Heap:
 PSYoungGen      total 525824K, used 192482K [0x0000000761000000, 0x000000078cd80000, 0x00000007c0000000)
  eden space 333312K, 0% used [0x0000000761000000,0x0000000761000000,0x0000000775580000)
  from space 192512K, 99% used [0x0000000775580000,0x00000007811788e0,0x0000000781180000)
  to   space 186368K, 0% used [0x0000000781780000,0x0000000781780000,0x000000078cd80000)
 ParOldGen       total 352256K, used 95870K [0x00000006a3000000, 0x00000006b8800000, 0x0000000761000000)
  object space 352256K, 27% used [0x00000006a3000000,0x00000006a8d9fb70,0x00000006b8800000)
 Metaspace       used 83918K, capacity 86394K, committed 86680K, reserved 1126400K
  class space    used 9671K, capacity 10320K, committed 10400K, reserved 1048576K
Heap after GC invocations=26 (full 9):
 PSYoungGen      total 422912K, used 152035K [0x0000000761000000, 0x000000078e400000, 0x00000007c0000000)
  eden space 270848K, 0% used [0x0000000761000000,0x0000000761000000,0x0000000771880000)
  from space 152064K, 99% used [0x0000000771880000,0x000000077acf8dc8,0x000000077ad00000)
  to   space 208896K, 0% used [0x0000000781800000,0x0000000781800000,0x000000078e400000)
 ParOldGen       total 460800K, used 294767K [0x00000006a3000000, 0x00000006bf200000, 0x0000000761000000)
  object space 460800K, 63% used [0x00000006a3000000,0x00000006b4fdbd10,0x00000006bf200000)
 Metaspace       used 77623K, capacity 79752K, committed 80024K, reserved 1120256K
  class space    used 9045K, capacity 9589K, committed 9632K, reserved 1048576K
Heap after GC invocations=27 (full 9):
 PSYoungGen      total 475136K, used 94561K [0x0000000761000000, 0x000000078c300000, 0x00000007c0000000)
  eden space 300032K, 0% used [0x0000000761000000,0x0000000761000000,0x0000000773500000)
  from space 175104K, 54% used [0x0000000781800000,0x0000000787458420,0x000000078c300000)
  to   space 203776K, 0% used [0x0000000773500000,0x0000000773500000,0x000000077fc00000)
 ParOldGen       total 460800K, used 438365K [0x00000006a3000000, 0x00000006bf200000, 0x0000000761000000)
  object space 460800K, 95% used [0x00000006a3000000,0x00000006bdc177a0,0x00000006bf200000)
 Metaspace       used 78071K, capacity 80348K, committed 80664K, reserved 1120256K
  class space    used 9086K, capacity 9661K, committed 9760K, reserved 1048576K
Heap after GC invocations=28 (full 10):
 PSYoungGen      total 475136K, used 0K [0x0000000761000000, 0x000000078c300000, 0x00000007c0000000)
  eden space 300032K, 0% used [0x0000000761000000,0x0000000761000000,0x0000000773500000)
  from space 175104K, 0% used [0x0000000781800000,0x0000000781800000,0x000000078c300000)
  to   space 203776K, 0% used [0x0000000773500000,0x0000000773500000,0x000000077fc00000)
 ParOldGen       total 352256K, used 26252K [0x00000006a3000000, 0x00000006b8800000, 0x0000000761000000)
  object space 352256K, 7% used [0x00000006a3000000,0x00000006a49a3230,0x00000006b8800000)
 Metaspace       used 78071K, capacity 80348K, committed 80664K, reserved 1120256K
  class space    used 9086K, capacity 9661K, committed 9760K, reserved 1048576K
Heap after GC invocations=29 (full 10):
 PSYoungGen      total 503808K, used 25111K [0x0000000761000000, 0x000000078d980000, 0x00000007c0000000)
  eden space 300032K, 0% used [0x0000000761000000,0x0000000761000000,0x0000000773500000)
  from space 203776K, 12% used [0x0000000773500000,0x0000000774d85f50,0x000000077fc00000)
  to   space 198656K, 0% used [0x0000000781780000,0x0000000781780000,0x000000078d980000)
 ParOldGen       total 352256K, used 26260K [0x00000006a3000000, 0x00000006b8800000, 0x0000000761000000)
  object space 352256K, 7% used [0x00000006a3000000,0x00000006a49a5230,0x00000006b8800000)
 Metaspace       used 79650K, capacity 81988K, committed 82328K, reserved 1122304K
  class space    used 9186K, capacity 9777K, committed 9888K, reserved 1048576K
Heap after GC invocations=30 (full 10):
 PSYoungGen      total 519680K, used 85804K [0x0000000761000000, 0x000000078cd80000, 0x00000007c0000000)
  eden space 333312K, 0% used [0x0000000761000000,0x0000000761000000,0x0000000775580000)
  from space 186368K, 46% used [0x0000000781780000,0x0000000786b4b3a0,0x000000078cd80000)
  to   space 192512K, 0% used [0x0000000775580000,0x0000000775580000,0x0000000781180000)
 ParOldGen       total 352256K, used 26268K [0x00000006a3000000, 0x00000006b8800000, 0x0000000761000000)
  object space 352256K, 7% used [0x00000006a3000000,0x00000006a49a7230,0x00000006b8800000)
 Metaspace       used 80637K, capacity 83054K, committed 83224K, reserved 1122304K
  class space    used 9276K, capacity 9918K, committed 10016K, reserved 1048576K
