# JRE version: OpenJDK Runtime Environment (8.0_152-b01) (build 1.8.0_152-release-1248-b01)
# Java VM: OpenJDK 64-Bit Server VM (25.152-b01 mixed mode linux-amd64 compressed oops)
Heap:
 PSYoungGen      total 356352K, used 0K [0x00000000d5580000, 0x0000000100000000, 0x0000000100000000)
  eden space 232960K, 0% used [0x00000000d5580000,0x00000000d5580000,0x00000000e3900000)
  from space 123392K, 0% used [0x00000000f8780000,0x00000000f8780000,0x0000000100000000)
  to   space 232960K, 0% used [0x00000000e3900000,0x00000000e3900000,0x00000000f1c80000)
 ParOldGen       total 732672K, used 598105K [0x0000000080000000, 0x00000000acb80000, 0x00000000d5580000)
  object space 732672K, 81% used [0x0000000080000000,0x00000000a4816660,0x00000000acb80000)
 Metaspace       used 135516K, capacity 143118K, committed 149760K, reserved 1181696K
  class space    used 15001K, capacity 17542K, committed 18432K, reserved 1048576K
Heap after GC invocations=109 (full 14):
 PSYoungGen      total 573952K, used 31815K [0x00000000d5580000, 0x00000000ffd00000, 0x0000000100000000)
  eden space 451072K, 0% used [0x00000000d5580000,0x00000000d5580000,0x00000000f0e00000)
  from space 122880K, 25% used [0x00000000f0e00000,0x00000000f2d11f30,0x00000000f8600000)
  to   space 120320K, 0% used [0x00000000f8780000,0x00000000f8780000,0x00000000ffd00000)
 ParOldGen       total 601088K, used 547731K [0x0000000080000000, 0x00000000a4b00000, 0x00000000d5580000)
  object space 601088K, 91% used [0x0000000080000000,0x00000000a16e4f60,0x00000000a4b00000)
 Metaspace       used 139336K, capacity 146918K, committed 147200K, reserved 1177600K
  class space    used 15461K, capacity 17970K, committed 18176K, reserved 1048576K
Heap after GC invocations=110 (full 15):
 PSYoungGen      total 573952K, used 0K [0x00000000d5580000, 0x00000000ffd00000, 0x0000000100000000)
  eden space 451072K, 0% used [0x00000000d5580000,0x00000000d5580000,0x00000000f0e00000)
  from space 122880K, 0% used [0x00000000f0e00000,0x00000000f0e00000,0x00000000f8600000)
  to   space 120320K, 0% used [0x00000000f8780000,0x00000000f8780000,0x00000000ffd00000)
 ParOldGen       total 732672K, used 386694K [0x0000000080000000, 0x00000000acb80000, 0x00000000d5580000)
  object space 732672K, 52% used [0x0000000080000000,0x00000000979a19f0,0x00000000acb80000)
 Metaspace       used 136028K, capacity 143532K, committed 147200K, reserved 1177600K
  class space    used 15062K, capacity 17559K, committed 18176K, reserved 1048576K
Heap after GC invocations=111 (full 15):
 PSYoungGen      total 574976K, used 73021K [0x00000000d5580000, 0x00000000ffe80000, 0x0000000100000000)
  eden space 454656K, 0% used [0x00000000d5580000,0x00000000d5580000,0x00000000f1180000)
  from space 120320K, 60% used [0x00000000f8780000,0x00000000fcecf698,0x00000000ffd00000)
  to   space 120832K, 0% used [0x00000000f1180000,0x00000000f1180000,0x00000000f8780000)
 ParOldGen       total 732672K, used 386702K [0x0000000080000000, 0x00000000acb80000, 0x00000000d5580000)
  object space 732672K, 52% used [0x0000000080000000,0x00000000979a39f0,0x00000000acb80000)
 Metaspace       used 137095K, capacity 144658K, committed 147200K, reserved 1177600K
  class space    used 15173K, capacity 17672K, committed 18176K, reserved 1048576K
Heap after GC invocations=112 (full 15):
 PSYoungGen      total 575488K, used 120826K [0x00000000d5580000, 0x0000000100000000, 0x0000000100000000)
  eden space 454656K, 0% used [0x00000000d5580000,0x00000000d5580000,0x00000000f1180000)
  from space 120832K, 99% used [0x00000000f1180000,0x00000000f877e908,0x00000000f8780000)
  to   space 123392K, 0% used [0x00000000f8780000,0x00000000f8780000,0x0000000100000000)
 ParOldGen       total 732672K, used 455504K [0x0000000080000000, 0x00000000acb80000, 0x00000000d5580000)
  object space 732672K, 62% used [0x0000000080000000,0x000000009bcd40a0,0x00000000acb80000)
 Metaspace       used 138260K, capacity 145994K, committed 147200K, reserved 1177600K
  class space    used 15298K, capacity 17884K, committed 18176K, reserved 1048576K
Heap after GC invocations=113 (full 15):
 PSYoungGen      total 356352K, used 123361K [0x00000000d5580000, 0x0000000100000000, 0x0000000100000000)
  eden space 232960K, 0% used [0x00000000d5580000,0x00000000d5580000,0x00000000e3900000)
  from space 123392K, 99% used [0x00000000f8780000,0x00000000ffff87a0,0x0000000100000000)
  to   space 232960K, 0% used [0x00000000e3900000,0x00000000e3900000,0x00000000f1c80000)
 ParOldGen       total 732672K, used 641896K [0x0000000080000000, 0x00000000acb80000, 0x00000000d5580000)
  object space 732672K, 87% used [0x0000000080000000,0x00000000a72da018,0x00000000acb80000)
 Metaspace       used 141542K, capacity 149334K, committed 149760K, reserved 1181696K
  class space    used 15693K, capacity 18286K, committed 18432K, reserved 1048576K
