# JRE version: OpenJDK Runtime Environment (8.0_152-b01) (build 1.8.0_152-release-1248-b01)
# Java VM: OpenJDK 64-Bit Server VM (25.152-b01 mixed mode linux-amd64 compressed oops)
Heap:
 PSYoungGen      total 733696K, used 0K [0x0000000761000000, 0x00000007c0000000, 0x00000007c0000000)
  eden space 721920K, 0% used [0x0000000761000000,0x0000000761000000,0x000000078d100000)
  from space 11776K, 0% used [0x000000078d100000,0x000000078d100000,0x000000078dc80000)
  to   space 430592K, 0% used [0x00000007a5b80000,0x00000007a5b80000,0x00000007c0000000)
 ParOldGen       total 665088K, used 567651K [0x00000006a3000000, 0x00000006cb980000, 0x0000000761000000)
  object space 665088K, 85% used [0x00000006a3000000,0x00000006c5a58fe0,0x00000006cb980000)
 Metaspace       used 114737K, capacity 122336K, committed 122904K, reserved 1157120K
  class space    used 14214K, capacity 16050K, committed 16176K, reserved 1048576K
Heap after GC invocations=55 (full 6):
 PSYoungGen      total 1136640K, used 275662K [0x0000000761000000, 0x00000007c0000000, 0x00000007c0000000)
  eden space 721920K, 0% used [0x0000000761000000,0x0000000761000000,0x000000078d100000)
  from space 414720K, 66% used [0x000000078d100000,0x000000079de33a70,0x00000007a6600000)
  to   space 416256K, 0% used [0x00000007a6980000,0x00000007a6980000,0x00000007c0000000)
 ParOldGen       total 665088K, used 567294K [0x00000006a3000000, 0x00000006cb980000, 0x0000000761000000)
  object space 665088K, 85% used [0x00000006a3000000,0x00000006c59ffad8,0x00000006cb980000)
 Metaspace       used 113248K, capacity 120934K, committed 121240K, reserved 1155072K
  class space    used 14083K, capacity 15963K, committed 16048K, reserved 1048576K
Heap after GC invocations=56 (full 6):
 PSYoungGen      total 1131008K, used 260637K [0x0000000761000000, 0x00000007bf580000, 0x00000007c0000000)
  eden space 725504K, 0% used [0x0000000761000000,0x0000000761000000,0x000000078d480000)
  from space 405504K, 64% used [0x00000007a6980000,0x00000007b6807570,0x00000007bf580000)
  to   space 410112K, 0% used [0x000000078d480000,0x000000078d480000,0x00000007a6500000)
 ParOldGen       total 665088K, used 582449K [0x00000006a3000000, 0x00000006cb980000, 0x0000000761000000)
  object space 665088K, 87% used [0x00000006a3000000,0x00000006c68cc4f0,0x00000006cb980000)
 Metaspace       used 113248K, capacity 120934K, committed 121240K, reserved 1155072K
  class space    used 14083K, capacity 15963K, committed 16048K, reserved 1048576K
Heap after GC invocations=57 (full 6):
 PSYoungGen      total 1135616K, used 249180K [0x0000000761000000, 0x00000007bf080000, 0x00000007c0000000)
  eden space 725504K, 0% used [0x0000000761000000,0x0000000761000000,0x000000078d480000)
  from space 410112K, 60% used [0x000000078d480000,0x000000079c7d73f0,0x00000007a6500000)
  to   space 399872K, 0% used [0x00000007a6a00000,0x00000007a6a00000,0x00000007bf080000)
 ParOldGen       total 665088K, used 594593K [0x00000006a3000000, 0x00000006cb980000, 0x0000000761000000)
  object space 665088K, 89% used [0x00000006a3000000,0x00000006c74a8680,0x00000006cb980000)
 Metaspace       used 113932K, capacity 121714K, committed 121752K, reserved 1155072K
  class space    used 14154K, capacity 16029K, committed 16048K, reserved 1048576K
Heap after GC invocations=58 (full 6):
 PSYoungGen      total 1121792K, used 26797K [0x0000000761000000, 0x00000007c0000000, 0x00000007c0000000)
  eden space 721920K, 0% used [0x0000000761000000,0x0000000761000000,0x000000078d100000)
  from space 399872K, 6% used [0x00000007a6a00000,0x00000007a842b498,0x00000007bf080000)
  to   space 417280K, 0% used [0x000000078d100000,0x000000078d100000,0x00000007a6880000)
 ParOldGen       total 665088K, used 605136K [0x00000006a3000000, 0x00000006cb980000, 0x0000000761000000)
  object space 665088K, 90% used [0x00000006a3000000,0x00000006c7ef4170,0x00000006cb980000)
 Metaspace       used 114653K, capacity 122510K, committed 122648K, reserved 1155072K
  class space    used 14229K, capacity 16111K, committed 16176K, reserved 1048576K
Heap after GC invocations=59 (full 6):
 PSYoungGen      total 733696K, used 11366K [0x0000000761000000, 0x00000007c0000000, 0x00000007c0000000)
  eden space 721920K, 0% used [0x0000000761000000,0x0000000761000000,0x000000078d100000)
  from space 11776K, 96% used [0x000000078d100000,0x000000078dc19890,0x000000078dc80000)
  to   space 430592K, 0% used [0x00000007a5b80000,0x00000007a5b80000,0x00000007c0000000)
 ParOldGen       total 665088K, used 626895K [0x00000006a3000000, 0x00000006cb980000, 0x0000000761000000)
  object space 665088K, 94% used [0x00000006a3000000,0x00000006c9433d20,0x00000006cb980000)
 Metaspace       used 114909K, capacity 122726K, committed 122904K, reserved 1157120K
  class space    used 14258K, capacity 16129K, committed 16176K, reserved 1048576K
