# JRE version: OpenJDK Runtime Environment (8.0_152-b01) (build 1.8.0_152-release-1248-b01)
# Java VM: OpenJDK 64-Bit Server VM (25.152-b01 mixed mode linux-amd64 compressed oops)
Heap:
 PSYoungGen      total 344576K, used 109053K [0x0000000761000000, 0x0000000781780000, 0x00000007c0000000)
  eden space 235520K, 0% used [0x0000000761000000,0x0000000761000000,0x000000076f600000)
  from space 109056K, 99% used [0x000000077ad00000,0x000000078177f740,0x0000000781780000)
  to   space 73216K, 0% used [0x000000076f600000,0x000000076f600000,0x0000000773d80000)
 ParOldGen       total 256512K, used 256320K [0x00000006a3000000, 0x00000006b2a80000, 0x0000000761000000)
  object space 256512K, 99% used [0x00000006a3000000,0x00000006b2a500a8,0x00000006b2a80000)
 Metaspace       used 71096K, capacity 72514K, committed 73000K, reserved 1114112K
  class space    used 8357K, capacity 8712K, committed 8752K, reserved 1048576K
Heap after GC invocations=14 (full 4):
 PSYoungGen      total 220160K, used 0K [0x0000000761000000, 0x0000000772380000, 0x00000007c0000000)
  eden space 199680K, 0% used [0x0000000761000000,0x0000000761000000,0x000000076d300000)
  from space 20480K, 0% used [0x0000000770f80000,0x0000000770f80000,0x0000000772380000)
  to   space 40448K, 0% used [0x000000076d480000,0x000000076d480000,0x000000076fc00000)
 ParOldGen       total 96768K, used 18486K [0x00000006a3000000, 0x00000006a8e80000, 0x0000000761000000)
  object space 96768K, 19% used [0x00000006a3000000,0x00000006a420db60,0x00000006a8e80000)
 Metaspace       used 57735K, capacity 58990K, committed 59160K, reserved 1101824K
  class space    used 6724K, capacity 7032K, committed 7088K, reserved 1048576K
Heap after GC invocations=15 (full 4):
 PSYoungGen      total 241664K, used 40425K [0x0000000761000000, 0x0000000776c80000, 0x00000007c0000000)
  eden space 201216K, 0% used [0x0000000761000000,0x0000000761000000,0x000000076d480000)
  from space 40448K, 99% used [0x000000076d480000,0x000000076fbfa568,0x000000076fc00000)
  to   space 48128K, 0% used [0x0000000773d80000,0x0000000773d80000,0x0000000776c80000)
 ParOldGen       total 96768K, used 22221K [0x00000006a3000000, 0x00000006a8e80000, 0x0000000761000000)
  object space 96768K, 22% used [0x00000006a3000000,0x00000006a45b34b0,0x00000006a8e80000)
 Metaspace       used 64479K, capacity 65788K, committed 66088K, reserved 1107968K
  class space    used 7607K, capacity 7949K, committed 7984K, reserved 1048576K
Heap after GC invocations=16 (full 4):
 PSYoungGen      total 283648K, used 48114K [0x0000000761000000, 0x000000077b300000, 0x00000007c0000000)
  eden space 235520K, 0% used [0x0000000761000000,0x0000000761000000,0x000000076f600000)
  from space 48128K, 99% used [0x0000000773d80000,0x0000000776c7c8a0,0x0000000776c80000)
  to   space 73216K, 0% used [0x000000076f600000,0x000000076f600000,0x0000000773d80000)
 ParOldGen       total 96768K, used 70213K [0x00000006a3000000, 0x00000006a8e80000, 0x0000000761000000)
  object space 96768K, 72% used [0x00000006a3000000,0x00000006a74915e8,0x00000006a8e80000)
 Metaspace       used 64731K, capacity 66044K, committed 66344K, reserved 1107968K
  class space    used 7616K, capacity 7949K, committed 7984K, reserved 1048576K
Heap after GC invocations=17 (full 5):
 PSYoungGen      total 283648K, used 3531K [0x0000000761000000, 0x000000077b300000, 0x00000007c0000000)
  eden space 235520K, 0% used [0x0000000761000000,0x0000000761000000,0x000000076f600000)
  from space 48128K, 7% used [0x0000000773d80000,0x00000007740f2d28,0x0000000776c80000)
  to   space 73216K, 0% used [0x000000076f600000,0x000000076f600000,0x0000000773d80000)
 ParOldGen       total 207872K, used 96621K [0x00000006a3000000, 0x00000006afb00000, 0x0000000761000000)
  object space 207872K, 46% used [0x00000006a3000000,0x00000006a8e5b6a0,0x00000006afb00000)
 Metaspace       used 64731K, capacity 66044K, committed 66344K, reserved 1107968K
  class space    used 7616K, capacity 7949K, committed 7984K, reserved 1048576K
Heap after GC invocations=18 (full 5):
 PSYoungGen      total 308736K, used 73203K [0x0000000761000000, 0x0000000781780000, 0x00000007c0000000)
  eden space 235520K, 0% used [0x0000000761000000,0x0000000761000000,0x000000076f600000)
  from space 73216K, 99% used [0x000000076f600000,0x0000000773d7ccf0,0x0000000773d80000)
  to   space 109056K, 0% used [0x000000077ad00000,0x000000077ad00000,0x0000000781780000)
 ParOldGen       total 207872K, used 159709K [0x00000006a3000000, 0x00000006afb00000, 0x0000000761000000)
  object space 207872K, 76% used [0x00000006a3000000,0x00000006acbf7630,0x00000006afb00000)
 Metaspace       used 67247K, capacity 68596K, committed 69032K, reserved 1110016K
  class space    used 7861K, capacity 8245K, committed 8368K, reserved 1048576K
