# JRE version: OpenJDK Runtime Environment (8.0_152-b01) (build 1.8.0_152-release-1248-b01)
# Java VM: OpenJDK 64-Bit Server VM (25.152-b01 mixed mode linux-amd64 compressed oops)
Heap:
 PSYoungGen      total 816640K, used 76772K [0x0000000761000000, 0x000000079c080000, 0x00000007c0000000)
  eden space 739840K, 0% used [0x0000000761000000,0x0000000761000000,0x000000078e280000)
  from space 76800K, 99% used [0x000000078e280000,0x0000000792d79278,0x0000000792d80000)
  to   space 65024K, 0% used [0x0000000792d80000,0x0000000792d80000,0x0000000796d00000)
 ParOldGen       total 294400K, used 294398K [0x00000006a3000000, 0x00000006b4f80000, 0x0000000761000000)
  object space 294400K, 99% used [0x00000006a3000000,0x00000006b4f7f8c8,0x00000006b4f80000)
 Metaspace       used 88140K, capacity 90986K, committed 91136K, reserved 1130496K
  class space    used 9985K, capacity 10724K, committed 10752K, reserved 1048576K
Heap after GC invocations=17 (full 5):
 PSYoungGen      total 632832K, used 28070K [0x0000000761000000, 0x0000000796d00000, 0x00000007c0000000)
  eden space 564224K, 0% used [0x0000000761000000,0x0000000761000000,0x0000000783700000)
  from space 68608K, 40% used [0x0000000783700000,0x00000007852698f0,0x0000000787a00000)
  to   space 65024K, 0% used [0x0000000792d80000,0x0000000792d80000,0x0000000796d00000)
 ParOldGen       total 136704K, used 43372K [0x00000006a3000000, 0x00000006ab580000, 0x0000000761000000)
  object space 136704K, 31% used [0x00000006a3000000,0x00000006a5a5b180,0x00000006ab580000)
 Metaspace       used 78977K, capacity 81346K, committed 81536K, reserved 1122304K
  class space    used 8949K, capacity 9576K, committed 9600K, reserved 1048576K
Heap after GC invocations=18 (full 5):
 PSYoungGen      total 632832K, used 592294K [0x0000000761000000, 0x0000000796d00000, 0x00000007c0000000)
  eden space 564224K, 100% used [0x0000000761000000,0x0000000783700000,0x0000000783700000)
  from space 68608K, 40% used [0x0000000783700000,0x00000007852698f0,0x0000000787a00000)
  to   space 65024K, 99% used [0x0000000792d80000,0x0000000796cf90c8,0x0000000796d00000)
 ParOldGen       total 231424K, used 230931K [0x00000006a3000000, 0x00000006b1200000, 0x0000000761000000)
  object space 231424K, 99% used [0x00000006a3000000,0x00000006b1184e50,0x00000006b1200000)
 Metaspace       used 82320K, capacity 84746K, committed 84992K, reserved 1124352K
  class space    used 9343K, capacity 9976K, committed 9984K, reserved 1048576K
Heap after GC invocations=19 (full 6):
 PSYoungGen      total 632832K, used 0K [0x0000000761000000, 0x0000000796d00000, 0x00000007c0000000)
  eden space 564224K, 0% used [0x0000000761000000,0x0000000761000000,0x0000000783700000)
  from space 68608K, 0% used [0x0000000783700000,0x0000000783700000,0x0000000787a00000)
  to   space 65024K, 83% used [0x0000000792d80000,0x0000000796241640,0x0000000796d00000)
 ParOldGen       total 331264K, used 231180K [0x00000006a3000000, 0x00000006b7380000, 0x0000000761000000)
  object space 331264K, 69% used [0x00000006a3000000,0x00000006b11c3308,0x00000006b7380000)
 Metaspace       used 82320K, capacity 84746K, committed 84992K, reserved 1124352K
  class space    used 9343K, capacity 9976K, committed 9984K, reserved 1048576K
Heap after GC invocations=20 (full 7):
 PSYoungGen      total 632832K, used 0K [0x0000000761000000, 0x0000000796d00000, 0x00000007c0000000)
  eden space 564224K, 0% used [0x0000000761000000,0x0000000761000000,0x0000000783700000)
  from space 68608K, 0% used [0x0000000783700000,0x0000000783700000,0x0000000787a00000)
  to   space 65024K, 0% used [0x0000000792d80000,0x0000000792d80000,0x0000000796d00000)
 ParOldGen       total 134656K, used 28483K [0x00000006a3000000, 0x00000006ab380000, 0x0000000761000000)
  object space 134656K, 21% used [0x00000006a3000000,0x00000006a4bd0fa0,0x00000006ab380000)
 Metaspace       used 82379K, capacity 84874K, committed 84992K, reserved 1124352K
  class space    used 9344K, capacity 9976K, committed 9984K, reserved 1048576K
Heap after GC invocations=21 (full 7):
 PSYoungGen      total 804864K, used 65019K [0x0000000761000000, 0x000000079c080000, 0x00000007c0000000)
  eden space 739840K, 0% used [0x0000000761000000,0x0000000761000000,0x000000078e280000)
  from space 65024K, 99% used [0x0000000792d80000,0x0000000796cfef00,0x0000000796d00000)
  to   space 76800K, 0% used [0x000000078e280000,0x000000078e280000,0x0000000792d80000)
 ParOldGen       total 134656K, used 33736K [0x00000006a3000000, 0x00000006ab380000, 0x0000000761000000)
  object space 134656K, 25% used [0x00000006a3000000,0x00000006a50f20d0,0x00000006ab380000)
 Metaspace       used 84816K, capacity 87578K, committed 87680K, reserved 1126400K
  class space    used 9589K, capacity 10322K, committed 10368K, reserved 1048576K
