# JRE version: OpenJDK Runtime Environment (8.0_152-b01) (build 1.8.0_152-release-1248-b01)
# Java VM: OpenJDK 64-Bit Server VM (25.152-b01 mixed mode linux-amd64 compressed oops)
Heap:
 PSYoungGen      total 474624K, used 0K [0x00000000d5580000, 0x0000000100000000, 0x0000000100000000)
  eden space 257536K, 0% used [0x00000000d5580000,0x00000000d5580000,0x00000000e5100000)
  from space 217088K, 0% used [0x00000000e5100000,0x00000000e5100000,0x00000000f2500000)
  to   space 220160K, 0% used [0x00000000f2900000,0x00000000f2900000,0x0000000100000000)
 ParOldGen       total 868352K, used 468960K [0x0000000080000000, 0x00000000b5000000, 0x00000000d5580000)
  object space 868352K, 54% used [0x0000000080000000,0x000000009c9f8178,0x00000000b5000000)
 Metaspace       used 131396K, capacity 138874K, committed 165928K, reserved 1193984K
  class space    used 14493K, capacity 17078K, committed 22064K, reserved 1048576K
Heap after GC invocations=234 (full 27):
 PSYoungGen      total 458752K, used 30215K [0x00000000d5580000, 0x0000000100000000, 0x0000000100000000)
  eden space 236544K, 0% used [0x00000000d5580000,0x00000000d5580000,0x00000000e3c80000)
  from space 222208K, 13% used [0x00000000e3c80000,0x00000000e5a01f30,0x00000000f1580000)
  to   space 219136K, 0% used [0x00000000f2a00000,0x00000000f2a00000,0x0000000100000000)
 ParOldGen       total 868352K, used 641603K [0x0000000080000000, 0x00000000b5000000, 0x00000000d5580000)
  object space 868352K, 73% used [0x0000000080000000,0x00000000a7290f60,0x00000000b5000000)
 Metaspace       used 131029K, capacity 138500K, committed 165928K, reserved 1193984K
  class space    used 14454K, capacity 17043K, committed 22064K, reserved 1048576K
Heap after GC invocations=235 (full 27):
 PSYoungGen      total 472576K, used 6960K [0x00000000d5580000, 0x00000000ffc00000, 0x0000000100000000)
  eden space 257536K, 0% used [0x00000000d5580000,0x00000000d5580000,0x00000000e5100000)
  from space 215040K, 3% used [0x00000000f2a00000,0x00000000f30cc368,0x00000000ffc00000)
  to   space 218624K, 0% used [0x00000000e5100000,0x00000000e5100000,0x00000000f2680000)
 ParOldGen       total 868352K, used 652840K [0x0000000080000000, 0x00000000b5000000, 0x00000000d5580000)
  object space 868352K, 75% used [0x0000000080000000,0x00000000a7d8a148,0x00000000b5000000)
 Metaspace       used 131352K, capacity 138874K, committed 165928K, reserved 1193984K
  class space    used 14494K, capacity 17078K, committed 22064K, reserved 1048576K
Heap after GC invocations=236 (full 27):
 PSYoungGen      total 304640K, used 46729K [0x00000000d5580000, 0x00000000ff180000, 0x0000000100000000)
  eden space 257536K, 0% used [0x00000000d5580000,0x00000000d5580000,0x00000000e5100000)
  from space 47104K, 99% used [0x00000000e5100000,0x00000000e7ea2750,0x00000000e7f00000)
  to   space 209408K, 0% used [0x00000000f2500000,0x00000000f2500000,0x00000000ff180000)
 ParOldGen       total 868352K, used 653316K [0x0000000080000000, 0x00000000b5000000, 0x00000000d5580000)
  object space 868352K, 75% used [0x0000000080000000,0x00000000a7e01230,0x00000000b5000000)
 Metaspace       used 132532K, capacity 140178K, committed 165928K, reserved 1193984K
  class space    used 14619K, capacity 17258K, committed 22064K, reserved 1048576K
Heap after GC invocations=237 (full 27):
 PSYoungGen      total 466944K, used 130599K [0x00000000d5580000, 0x0000000100000000, 0x0000000100000000)
  eden space 257536K, 0% used [0x00000000d5580000,0x00000000d5580000,0x00000000e5100000)
  from space 209408K, 62% used [0x00000000f2500000,0x00000000fa489e28,0x00000000ff180000)
  to   space 217088K, 0% used [0x00000000e5100000,0x00000000e5100000,0x00000000f2500000)
 ParOldGen       total 868352K, used 695690K [0x0000000080000000, 0x00000000b5000000, 0x00000000d5580000)
  object space 868352K, 80% used [0x0000000080000000,0x00000000aa762998,0x00000000b5000000)
 Metaspace       used 132538K, capacity 140178K, committed 165928K, reserved 1193984K
  class space    used 14619K, capacity 17258K, committed 22064K, reserved 1048576K
Heap after GC invocations=238 (full 27):
 PSYoungGen      total 474624K, used 123790K [0x00000000d5580000, 0x0000000100000000, 0x0000000100000000)
  eden space 257536K, 0% used [0x00000000d5580000,0x00000000d5580000,0x00000000e5100000)
  from space 217088K, 57% used [0x00000000e5100000,0x00000000ec9e3bb8,0x00000000f2500000)
  to   space 220160K, 0% used [0x00000000f2900000,0x00000000f2900000,0x0000000100000000)
 ParOldGen       total 868352K, used 825412K [0x0000000080000000, 0x00000000b5000000, 0x00000000d5580000)
  object space 868352K, 95% used [0x0000000080000000,0x00000000b26113e0,0x00000000b5000000)
 Metaspace       used 135787K, capacity 143494K, committed 165928K, reserved 1193984K
  class space    used 15012K, capacity 17656K, committed 22064K, reserved 1048576K
