# JRE version: OpenJDK Runtime Environment (8.0_152-b01) (build 1.8.0_152-release-1248-b01)
# Java VM: OpenJDK 64-Bit Server VM (25.152-b01 mixed mode linux-amd64 compressed oops)
Heap:
 PSYoungGen      total 884224K, used 18146K [0x0000000761000000, 0x00000007a7780000, 0x00000007c0000000)
  eden space 631808K, 0% used [0x0000000761000000,0x0000000761000000,0x0000000787900000)
  from space 252416K, 7% used [0x0000000787900000,0x0000000788ab89f8,0x0000000796f80000)
  to   space 210432K, 0% used [0x0000000796f80000,0x0000000796f80000,0x00000007a3d00000)
 ParOldGen       total 254464K, used 54677K [0x00000006a3000000, 0x00000006b2880000, 0x0000000761000000)
  object space 254464K, 21% used [0x00000006a3000000,0x00000006a6565780,0x00000006b2880000)
 Metaspace       used 82460K, capacity 85000K, committed 85288K, reserved 1124352K
  class space    used 9353K, capacity 9977K, committed 10032K, reserved 1048576K
Heap after GC invocations=21 (full 6):
 PSYoungGen      total 508928K, used 47499K [0x0000000761000000, 0x0000000797200000, 0x00000007c0000000)
  eden space 431104K, 0% used [0x0000000761000000,0x0000000761000000,0x000000077b500000)
  from space 77824K, 61% used [0x000000077b500000,0x000000077e362dd8,0x0000000780100000)
  to   space 148992K, 0% used [0x000000078e080000,0x000000078e080000,0x0000000797200000)
 ParOldGen       total 448512K, used 271562K [0x00000006a3000000, 0x00000006be600000, 0x0000000761000000)
  object space 448512K, 60% used [0x00000006a3000000,0x00000006b39328c0,0x00000006be600000)
 Metaspace       used 75719K, capacity 77642K, committed 77992K, reserved 1118208K
  class space    used 8641K, capacity 9134K, committed 9136K, reserved 1048576K
Heap after GC invocations=22 (full 6):
 PSYoungGen      total 668672K, used 148967K [0x0000000761000000, 0x000000079e700000, 0x00000007c0000000)
  eden space 519680K, 0% used [0x0000000761000000,0x0000000761000000,0x0000000780b80000)
  from space 148992K, 99% used [0x000000078e080000,0x00000007971f9e40,0x0000000797200000)
  to   space 218112K, 0% used [0x0000000780b80000,0x0000000780b80000,0x000000078e080000)
 ParOldGen       total 448512K, used 384820K [0x00000006a3000000, 0x00000006be600000, 0x0000000761000000)
  object space 448512K, 85% used [0x00000006a3000000,0x00000006ba7cd2f8,0x00000006be600000)
 Metaspace       used 76160K, capacity 78146K, committed 78376K, reserved 1118208K
  class space    used 8680K, capacity 9174K, committed 9264K, reserved 1048576K
Heap after GC invocations=23 (full 7):
 PSYoungGen      total 668672K, used 0K [0x0000000761000000, 0x000000079e700000, 0x00000007c0000000)
  eden space 519680K, 0% used [0x0000000761000000,0x0000000761000000,0x0000000780b80000)
  from space 148992K, 0% used [0x000000078e080000,0x000000078e080000,0x0000000797200000)
  to   space 218112K, 0% used [0x0000000780b80000,0x0000000780b80000,0x000000078e080000)
 ParOldGen       total 254464K, used 38040K [0x00000006a3000000, 0x00000006b2880000, 0x0000000761000000)
  object space 254464K, 14% used [0x00000006a3000000,0x00000006a5526078,0x00000006b2880000)
 Metaspace       used 76160K, capacity 78146K, committed 78376K, reserved 1118208K
  class space    used 8680K, capacity 9174K, committed 9264K, reserved 1048576K
Heap after GC invocations=24 (full 7):
 PSYoungGen      total 737792K, used 29463K [0x0000000761000000, 0x00000007a3d00000, 0x00000007c0000000)
  eden space 519680K, 0% used [0x0000000761000000,0x0000000761000000,0x0000000780b80000)
  from space 218112K, 13% used [0x0000000780b80000,0x0000000782845f68,0x000000078e080000)
  to   space 210432K, 0% used [0x0000000796f80000,0x0000000796f80000,0x00000007a3d00000)
 ParOldGen       total 254464K, used 38048K [0x00000006a3000000, 0x00000006b2880000, 0x0000000761000000)
  object space 254464K, 14% used [0x00000006a3000000,0x00000006a5528078,0x00000006b2880000)
 Metaspace       used 78161K, capacity 80474K, committed 80680K, reserved 1120256K
  class space    used 8867K, capacity 9436K, committed 9520K, reserved 1048576K
Heap after GC invocations=25 (full 7):
 PSYoungGen      total 842240K, used 210412K [0x0000000761000000, 0x00000007a7780000, 0x00000007c0000000)
  eden space 631808K, 0% used [0x0000000761000000,0x0000000761000000,0x0000000787900000)
  from space 210432K, 99% used [0x0000000796f80000,0x00000007a3cfb1f0,0x00000007a3d00000)
  to   space 252416K, 0% used [0x0000000787900000,0x0000000787900000,0x0000000796f80000)
 ParOldGen       total 254464K, used 47559K [0x00000006a3000000, 0x00000006b2880000, 0x0000000761000000)
  object space 254464K, 18% used [0x00000006a3000000,0x00000006a5e71ea0,0x00000006b2880000)
 Metaspace       used 80334K, capacity 82738K, committed 82984K, reserved 1122304K
  class space    used 9098K, capacity 9742K, committed 9776K, reserved 1048576K
