# JRE version: OpenJDK Runtime Environment (8.0_152-b01) (build 1.8.0_152-release-1248-b01)
# Java VM: OpenJDK 64-Bit Server VM (25.152-b01 mixed mode linux-amd64 compressed oops)
Heap:
 PSYoungGen      total 567296K, used 0K [0x00000000d5580000, 0x0000000100000000, 0x0000000100000000)
  eden space 428032K, 0% used [0x00000000d5580000,0x00000000d5580000,0x00000000ef780000)
  from space 139264K, 0% used [0x00000000f7800000,0x00000000f7800000,0x0000000100000000)
  to   space 131584K, 0% used [0x00000000ef780000,0x00000000ef780000,0x00000000f7800000)
 ParOldGen       total 1048576K, used 521765K [0x0000000080000000, 0x00000000c0000000, 0x00000000d5580000)
  object space 1048576K, 49% used [0x0000000080000000,0x000000009fd894c0,0x00000000c0000000)
 Metaspace       used 118979K, capacity 127458K, committed 127920K, reserved 1161216K
  class space    used 14759K, capacity 16840K, committed 17072K, reserved 1048576K
Heap after GC invocations=244 (full 18):
 PSYoungGen      total 562688K, used 53648K [0x00000000d5580000, 0x00000000ff380000, 0x0000000100000000)
  eden space 453632K, 0% used [0x00000000d5580000,0x00000000d5580000,0x00000000f1080000)
  from space 109056K, 49% used [0x00000000f8900000,0x00000000fbd64198,0x00000000ff380000)
  to   space 116224K, 0% used [0x00000000f1080000,0x00000000f1080000,0x00000000f8200000)
 ParOldGen       total 1048576K, used 655314K [0x0000000080000000, 0x00000000c0000000, 0x00000000d5580000)
  object space 1048576K, 62% used [0x0000000080000000,0x00000000a7ff48c0,0x00000000c0000000)
 Metaspace       used 118772K, capacity 127222K, committed 127664K, reserved 1159168K
  class space    used 14759K, capacity 16840K, committed 17072K, reserved 1048576K
Heap after GC invocations=245 (full 18):
 PSYoungGen      total 569856K, used 95232K [0x00000000d5580000, 0x0000000100000000, 0x0000000100000000)
  eden space 453632K, 0% used [0x00000000d5580000,0x00000000d5580000,0x00000000f1080000)
  from space 116224K, 81% used [0x00000000f1080000,0x00000000f6d80000,0x00000000f8200000)
  to   space 125952K, 0% used [0x00000000f8500000,0x00000000f8500000,0x0000000100000000)
 ParOldGen       total 1048576K, used 706251K [0x0000000080000000, 0x00000000c0000000, 0x00000000d5580000)
  object space 1048576K, 67% used [0x0000000080000000,0x00000000ab1b2c00,0x00000000c0000000)
 Metaspace       used 118956K, capacity 127394K, committed 127664K, reserved 1159168K
  class space    used 14759K, capacity 16840K, committed 17072K, reserved 1048576K
Heap after GC invocations=246 (full 18):
 PSYoungGen      total 559616K, used 90912K [0x00000000d5580000, 0x0000000100000000, 0x0000000100000000)
  eden space 433664K, 0% used [0x00000000d5580000,0x00000000d5580000,0x00000000efd00000)
  from space 125952K, 72% used [0x00000000f8500000,0x00000000fddc8000,0x0000000100000000)
  to   space 132608K, 0% used [0x00000000efd00000,0x00000000efd00000,0x00000000f7e80000)
 ParOldGen       total 1048576K, used 801547K [0x0000000080000000, 0x00000000c0000000, 0x00000000d5580000)
  object space 1048576K, 76% used [0x0000000080000000,0x00000000b0ec2c60,0x00000000c0000000)
 Metaspace       used 118957K, capacity 127394K, committed 127664K, reserved 1159168K
  class space    used 14759K, capacity 16840K, committed 17072K, reserved 1048576K
Heap after GC invocations=247 (full 18):
 PSYoungGen      total 529920K, used 96064K [0x00000000d5580000, 0x0000000100000000, 0x0000000100000000)
  eden space 433664K, 0% used [0x00000000d5580000,0x00000000d5580000,0x00000000efd00000)
  from space 96256K, 99% used [0x00000000efd00000,0x00000000f5ad0000,0x00000000f5b00000)
  to   space 139264K, 0% used [0x00000000f7800000,0x00000000f7800000,0x0000000100000000)
 ParOldGen       total 1048576K, used 892259K [0x0000000080000000, 0x00000000c0000000, 0x00000000d5580000)
  object space 1048576K, 85% used [0x0000000080000000,0x00000000b6758ce0,0x00000000c0000000)
 Metaspace       used 118976K, capacity 127394K, committed 127664K, reserved 1159168K
  class space    used 14759K, capacity 16840K, committed 17072K, reserved 1048576K
Heap after GC invocations=248 (full 18):
 PSYoungGen      total 567296K, used 60864K [0x00000000d5580000, 0x0000000100000000, 0x0000000100000000)
  eden space 428032K, 0% used [0x00000000d5580000,0x00000000d5580000,0x00000000ef780000)
  from space 139264K, 43% used [0x00000000f7800000,0x00000000fb370010,0x0000000100000000)
  to   space 131584K, 0% used [0x00000000ef780000,0x00000000ef780000,0x00000000f7800000)
 ParOldGen       total 1048576K, used 987607K [0x0000000080000000, 0x00000000c0000000, 0x00000000d5580000)
  object space 1048576K, 94% used [0x0000000080000000,0x00000000bc475f40,0x00000000c0000000)
 Metaspace       used 118979K, capacity 127458K, committed 127920K, reserved 1161216K
  class space    used 14759K, capacity 16840K, committed 17072K, reserved 1048576K
