# JRE version: OpenJDK Runtime Environment (8.0_152-b01) (build 1.8.0_152-release-1248-b01)
# Java VM: OpenJDK 64-Bit Server VM (25.152-b01 mixed mode linux-amd64 compressed oops)
Heap:
 PSYoungGen      total 496640K, used 0K [0x00000000d5580000, 0x00000000ff480000, 0x0000000100000000)
  eden space 433152K, 0% used [0x00000000d5580000,0x00000000d5580000,0x00000000efc80000)
  from space 63488K, 0% used [0x00000000efc80000,0x00000000efc80000,0x00000000f3a80000)
  to   space 126976K, 0% used [0x00000000f7880000,0x00000000f7880000,0x00000000ff480000)
 ParOldGen       total 1103872K, used 560961K [0x0000000080000000, 0x00000000c3600000, 0x00000000d5580000)
  object space 1103872K, 50% used [0x0000000080000000,0x00000000a23d0680,0x00000000c3600000)
 Metaspace       used 125624K, capacity 134042K, committed 134192K, reserved 1165312K
  class space    used 15267K, capacity 17352K, committed 17456K, reserved 1048576K
Heap after GC invocations=252 (full 19):
 PSYoungGen      total 571392K, used 93984K [0x00000000d5580000, 0x0000000100000000, 0x0000000100000000)
  eden space 448512K, 0% used [0x00000000d5580000,0x00000000d5580000,0x00000000f0b80000)
  from space 122880K, 76% used [0x00000000f0b80000,0x00000000f6748000,0x00000000f8380000)
  to   space 127488K, 0% used [0x00000000f8380000,0x00000000f8380000,0x0000000100000000)
 ParOldGen       total 1103872K, used 659879K [0x0000000080000000, 0x00000000c3600000, 0x00000000d5580000)
  object space 1103872K, 59% used [0x0000000080000000,0x00000000a8469de8,0x00000000c3600000)
 Metaspace       used 125418K, capacity 133802K, committed 134192K, reserved 1165312K
  class space    used 15267K, capacity 17352K, committed 17456K, reserved 1048576K
Heap after GC invocations=253 (full 19):
 PSYoungGen      total 565248K, used 92608K [0x00000000d5580000, 0x0000000100000000, 0x0000000100000000)
  eden space 437760K, 0% used [0x00000000d5580000,0x00000000d5580000,0x00000000f0100000)
  from space 127488K, 72% used [0x00000000f8380000,0x00000000fddf0000,0x0000000100000000)
  to   space 130560K, 0% used [0x00000000f0100000,0x00000000f0100000,0x00000000f8080000)
 ParOldGen       total 1103872K, used 753907K [0x0000000080000000, 0x00000000c3600000, 0x00000000d5580000)
  object space 1103872K, 68% used [0x0000000080000000,0x00000000ae03ce98,0x00000000c3600000)
 Metaspace       used 125620K, capacity 134038K, committed 134192K, reserved 1165312K
  class space    used 15267K, capacity 17352K, committed 17456K, reserved 1048576K
Heap after GC invocations=254 (full 19):
 PSYoungGen      total 535552K, used 97728K [0x00000000d5580000, 0x0000000100000000, 0x0000000100000000)
  eden space 437760K, 0% used [0x00000000d5580000,0x00000000d5580000,0x00000000f0100000)
  from space 97792K, 99% used [0x00000000f0100000,0x00000000f6070000,0x00000000f6080000)
  to   space 134656K, 0% used [0x00000000f7c80000,0x00000000f7c80000,0x0000000100000000)
 ParOldGen       total 1103872K, used 846291K [0x0000000080000000, 0x00000000c3600000, 0x00000000d5580000)
  object space 1103872K, 76% used [0x0000000080000000,0x00000000b3a74f38,0x00000000c3600000)
 Metaspace       used 125620K, capacity 134038K, committed 134192K, reserved 1165312K
  class space    used 15267K, capacity 17352K, committed 17456K, reserved 1048576K
Heap after GC invocations=255 (full 19):
 PSYoungGen      total 567808K, used 58048K [0x00000000d5580000, 0x0000000100000000, 0x0000000100000000)
  eden space 433152K, 0% used [0x00000000d5580000,0x00000000d5580000,0x00000000efc80000)
  from space 134656K, 43% used [0x00000000f7c80000,0x00000000fb530010,0x0000000100000000)
  to   space 131072K, 0% used [0x00000000efc80000,0x00000000efc80000,0x00000000f7c80000)
 ParOldGen       total 1103872K, used 943268K [0x0000000080000000, 0x00000000c3600000, 0x00000000d5580000)
  object space 1103872K, 85% used [0x0000000080000000,0x00000000b99293b8,0x00000000c3600000)
 Metaspace       used 125621K, capacity 134038K, committed 134192K, reserved 1165312K
  class space    used 15267K, capacity 17352K, committed 17456K, reserved 1048576K
Heap after GC invocations=256 (full 19):
 PSYoungGen      total 496640K, used 63040K [0x00000000d5580000, 0x00000000ff480000, 0x0000000100000000)
  eden space 433152K, 0% used [0x00000000d5580000,0x00000000d5580000,0x00000000efc80000)
  from space 63488K, 99% used [0x00000000efc80000,0x00000000f3a10030,0x00000000f3a80000)
  to   space 126976K, 0% used [0x00000000f7880000,0x00000000f7880000,0x00000000ff480000)
 ParOldGen       total 1103872K, used 973912K [0x0000000080000000, 0x00000000c3600000, 0x00000000d5580000)
  object space 1103872K, 88% used [0x0000000080000000,0x00000000bb7162e8,0x00000000c3600000)
 Metaspace       used 125624K, capacity 134042K, committed 134192K, reserved 1165312K
  class space    used 15267K, capacity 17352K, committed 17456K, reserved 1048576K
