# JRE version: OpenJDK Runtime Environment (8.0_152-b01) (build 1.8.0_152-release-1248-b01)
# Java VM: OpenJDK 64-Bit Server VM (25.152-b01 mixed mode linux-amd64 compressed oops)
Heap:
 PSYoungGen      total 658944K, used 159439K [0x0000000761000000, 0x0000000796c80000, 0x00000007c0000000)
  eden space 486400K, 0% used [0x0000000761000000,0x0000000761000000,0x000000077eb00000)
  from space 172544K, 92% used [0x000000078c400000,0x0000000795fb3e70,0x0000000796c80000)
  to   space 136704K, 0% used [0x000000077eb00000,0x000000077eb00000,0x0000000787080000)
 ParOldGen       total 569856K, used 454201K [0x00000006a3000000, 0x00000006c5c80000, 0x0000000761000000)
  object space 569856K, 79% used [0x00000006a3000000,0x00000006beb8e490,0x00000006c5c80000)
 Metaspace       used 79049K, capacity 84832K, committed 85016K, reserved 1122304K
  class space    used 10654K, capacity 12237K, committed 12336K, reserved 1048576K
Heap after GC invocations=24 (full 5):
 PSYoungGen      total 513024K, used 38030K [0x0000000761000000, 0x0000000788d00000, 0x00000007c0000000)
  eden space 412672K, 0% used [0x0000000761000000,0x0000000761000000,0x000000077a300000)
  from space 100352K, 37% used [0x000000077a300000,0x000000077c823a40,0x0000000780500000)
  to   space 94208K, 0% used [0x0000000783100000,0x0000000783100000,0x0000000788d00000)
 ParOldGen       total 569856K, used 364325K [0x00000006a3000000, 0x00000006c5c80000, 0x0000000761000000)
  object space 569856K, 63% used [0x00000006a3000000,0x00000006b93c96c0,0x00000006c5c80000)
 Metaspace       used 70007K, capacity 74357K, committed 74648K, reserved 1114112K
  class space    used 9459K, capacity 10825K, committed 10928K, reserved 1048576K
Heap after GC invocations=25 (full 5):
 PSYoungGen      total 547328K, used 81996K [0x0000000761000000, 0x0000000789e00000, 0x00000007c0000000)
  eden space 453120K, 0% used [0x0000000761000000,0x0000000761000000,0x000000077ca80000)
  from space 94208K, 87% used [0x0000000783100000,0x0000000788113340,0x0000000788d00000)
  to   space 104960K, 0% used [0x000000077ca80000,0x000000077ca80000,0x0000000783100000)
 ParOldGen       total 569856K, used 364333K [0x00000006a3000000, 0x00000006c5c80000, 0x0000000761000000)
  object space 569856K, 63% used [0x00000006a3000000,0x00000006b93cb6c0,0x00000006c5c80000)
 Metaspace       used 72227K, capacity 77103K, committed 77336K, reserved 1116160K
  class space    used 9751K, capacity 11201K, committed 11312K, reserved 1048576K
Heap after GC invocations=26 (full 5):
 PSYoungGen      total 558080K, used 98712K [0x0000000761000000, 0x000000078e580000, 0x00000007c0000000)
  eden space 453120K, 0% used [0x0000000761000000,0x0000000761000000,0x000000077ca80000)
  from space 104960K, 94% used [0x000000077ca80000,0x0000000782ae62c0,0x0000000783100000)
  to   space 119808K, 0% used [0x0000000787080000,0x0000000787080000,0x000000078e580000)
 ParOldGen       total 569856K, used 364341K [0x00000006a3000000, 0x00000006c5c80000, 0x0000000761000000)
  object space 569856K, 63% used [0x00000006a3000000,0x00000006b93cd6c0,0x00000006c5c80000)
 Metaspace       used 74482K, capacity 79437K, committed 79640K, reserved 1118208K
  class space    used 10067K, capacity 11558K, committed 11568K, reserved 1048576K
Heap after GC invocations=27 (full 5):
 PSYoungGen      total 606208K, used 113732K [0x0000000761000000, 0x0000000790b00000, 0x00000007c0000000)
  eden space 486400K, 0% used [0x0000000761000000,0x0000000761000000,0x000000077eb00000)
  from space 119808K, 94% used [0x0000000787080000,0x000000078df912d8,0x000000078e580000)
  to   space 136704K, 0% used [0x000000077eb00000,0x000000077eb00000,0x0000000787080000)
 ParOldGen       total 569856K, used 364349K [0x00000006a3000000, 0x00000006c5c80000, 0x0000000761000000)
  object space 569856K, 63% used [0x00000006a3000000,0x00000006b93cf6c0,0x00000006c5c80000)
 Metaspace       used 77252K, capacity 82785K, committed 82968K, reserved 1120256K
  class space    used 10489K, capacity 12043K, committed 12080K, reserved 1048576K
Heap after GC invocations=28 (full 5):
 PSYoungGen      total 623104K, used 136680K [0x0000000761000000, 0x0000000796c80000, 0x00000007c0000000)
  eden space 486400K, 0% used [0x0000000761000000,0x0000000761000000,0x000000077eb00000)
  from space 136704K, 99% used [0x000000077eb00000,0x000000078707a160,0x0000000787080000)
  to   space 172544K, 0% used [0x000000078c400000,0x000000078c400000,0x0000000796c80000)
 ParOldGen       total 569856K, used 400415K [0x00000006a3000000, 0x00000006c5c80000, 0x0000000761000000)
  object space 569856K, 70% used [0x00000006a3000000,0x00000006bb707d30,0x00000006c5c80000)
 Metaspace       used 78664K, capacity 84442K, committed 84760K, reserved 1122304K
  class space    used 10623K, capacity 12222K, committed 12336K, reserved 1048576K
